
configure:

_buildmagic:init:show-environment:

init:

_buildmagic:clean:
    [delete]Deleting directory /home/jason/workspace/jboss/jboss-all/common/output

clean:

_buildmagic:init:

_buildmagic:init:child:

_buildmagic:init:local-properties:

_buildmagic:init:buildlog:

configure:

_buildmagic:init:show-environment:

init:

compile-classes:
     [mkdir]Created dir: /home/jason/workspace/jboss/jboss-all/common/output/classes
     [javac]Compiling 104 source files to /home/jason/workspace/jboss/jboss-all/common/output/classes

compile:

jars:
     [mkdir]Created dir: /home/jason/workspace/jboss/jboss-all/common/output/lib
       [jar]Building jar: /home/jason/workspace/jboss/jboss-all/common/output/lib/jboss-common.jar

docs-javadocs-check:

docs-javadocs:
     [mkdir]Created dir: /home/jason/workspace/jboss/jboss-all/common/output/api
   [javadoc]Generating Javadoc
   [javadoc]Javadoc execution
   [javadoc]Loading source files for package org.jboss.net.protocol.resource...
   [javadoc]Loading source files for package org.jboss.util...
   [javadoc]Loading source files for package org.jboss.util.platform...
   [javadoc]Loading source files for package org.jboss.util.jmx...
   [javadoc]Loading source files for package org.jboss.util.stream...
   [javadoc]Loading source files for package org.jboss.util.file...
   [javadoc]Loading source files for package org.jboss.util.property...
   [javadoc]Loading source files for package org.jboss.util.coerce...
   [javadoc]Loading source files for package org.jboss.util.collection...
   [javadoc]Loading source files for package org.jboss.util.id...
   [javadoc]Constructing Javadoc information...
   [javadoc]Building tree for all the packages and classes...
   [javadoc]javadoc: warning - Tag @link: Class or Package not found: Objects#coerce(Object, Class)
   [javadoc]javadoc: warning - Tag @link: Class or Package not found: Coercible
   [javadoc]javadoc: warning - Tag @link: Class or Package not found: Objects#coerce(Object, Class)
   [javadoc]javadoc: warning - Tag @link: Class or Package not found: Coercible
   [javadoc]javadoc: warning - Tag @link: Class or Package not found: Objects#coerce(Object, Class)
   [javadoc]javadoc: warning - Tag @link: Class or Package not found: Coercible
   [javadoc]Building index for all the packages and classes...
   [javadoc]Building index for all classes...
   [javadoc]javadoc: warning - Tag @link: Class or Package not found: Objects#coerce(Object, Class)
   [javadoc]javadoc: warning - Tag @link: Class or Package not found: Coercible
   [javadoc]Generating /home/jason/workspace/jboss/jboss-all/common/output/api/stylesheet.css...
   [javadoc]8 warnings

docs-api:

docs:

all:

BUILD SUCCESSFUL
